<?xml version="1.0" encoding="UTF-8"?>
<!-- Generated by org.testng.reporters.JUnitReportReporter -->
<testsuite hostname="Sathaga" name="com.mk.tests.PostTest" tests="1" failures="0" timestamp="24 Apr 2022 11:28:13 GMT" time="5.164" errors="0">
  <testcase name="postNewEmployee" time="5.164" classname="com.mk.tests.PostTest"/>
</testsuite> <!-- com.mk.tests.PostTest -->
