<?xml version="1.0" encoding="UTF-8"?>
<!-- Generated by org.testng.reporters.JUnitReportReporter -->
<testsuite hostname="Sathaga" name="com.mk.tests.AssignmentTest" tests="1" failures="0" timestamp="20 Apr 2022 19:10:03 GMT" time="4.416" errors="0">
  <testcase name="assignmentTestCall" time="4.416" classname="com.mk.tests.AssignmentTest"/>
</testsuite> <!-- com.mk.tests.AssignmentTest -->
