<?xml version="1.0" encoding="UTF-8"?>
<!-- Generated by org.testng.reporters.JUnitReportReporter -->
<testsuite hostname="Sathaga" name="com.mk.tests.AuthorizationTest" tests="1" failures="0" timestamp="24 Apr 2022 05:42:17 GMT" time="4.536" errors="0">
  <testcase name="getMyGitHubRepos" time="4.536" classname="com.mk.tests.AuthorizationTest"/>
</testsuite> <!-- com.mk.tests.AuthorizationTest -->
