<?xml version="1.0" encoding="UTF-8"?>
<!-- Generated by org.testng.reporters.JUnitReportReporter -->
<testsuite hostname="Sathaga" name="com.mk.tests.PostTest" tests="1" failures="0" timestamp="15 Apr 2022 12:21:45 GMT" time="4.169" errors="0">
  <testcase name="postNewEmployee" time="4.169" classname="com.mk.tests.PostTest"/>
</testsuite> <!-- com.mk.tests.PostTest -->
