<?xml version="1.0" encoding="UTF-8"?>
<!-- Generated by org.testng.reporters.JUnitReportReporter -->
<testsuite hostname="Sathaga" name="com.mk.tests.DataProviderTest" tests="3" failures="0" timestamp="16 Apr 2022 10:04:30 GMT" time="0.010" errors="0">
  <testcase name="dpTest" time="0.001" classname="com.mk.tests.DataProviderTest"/>
  <testcase name="dpTest" time="0.001" classname="com.mk.tests.DataProviderTest"/>
  <testcase name="dpTest" time="0.008" classname="com.mk.tests.DataProviderTest"/>
</testsuite> <!-- com.mk.tests.DataProviderTest -->
