<?xml version="1.0" encoding="UTF-8"?>
<!-- Generated by org.testng.reporters.JUnitReportReporter -->
<testsuite hostname="Sathaga" name="com.mk.tests.PostTest" tests="2" failures="0" timestamp="18 Apr 2022 16:32:45 GMT" time="7.984" errors="0">
  <testcase name="postNewEmployeeUsingExternalFile" time="3.496" classname="com.mk.tests.PostTest"/>
  <testcase name="postNewEmployee" time="4.488" classname="com.mk.tests.PostTest"/>
</testsuite> <!-- com.mk.tests.PostTest -->
