<?xml version="1.0" encoding="UTF-8"?>
<!-- Generated by org.testng.reporters.JUnitReportReporter -->
<testsuite hostname="Sathaga" name="com.mk.tests.GetTests" tests="1" failures="0" timestamp="15 Apr 2022 11:19:20 GMT" time="3.791" errors="0">
  <testcase name="getSingleEmployeeDetail" time="3.791" classname="com.mk.tests.GetTests"/>
</testsuite> <!-- com.mk.tests.GetTests -->
