<?xml version="1.0" encoding="UTF-8"?>
<!-- Generated by org.testng.reporters.JUnitReportReporter -->
<testsuite hostname="Sathaga" name="com.mk.tests.PostTest" tests="2" failures="0" timestamp="19 Apr 2022 17:22:09 GMT" time="9.511" errors="0">
  <testcase name="postNewEmployeeUsingExternalFile" time="4.079" classname="com.mk.tests.PostTest"/>
  <testcase name="postNewEmployee" time="5.432" classname="com.mk.tests.PostTest"/>
</testsuite> <!-- com.mk.tests.PostTest -->
