<?xml version="1.0" encoding="UTF-8"?>
<!-- Generated by org.testng.reporters.JUnitReportReporter -->
<testsuite hostname="Sathaga" name="com.mk.tests.AuthorizationTest" tests="1" failures="0" timestamp="21 Apr 2022 18:05:04 GMT" time="5.721" errors="0">
  <testcase name="getAllWorkspaceInPostman" time="5.721" classname="com.mk.tests.AuthorizationTest"/>
</testsuite> <!-- com.mk.tests.AuthorizationTest -->
