<?xml version="1.0" encoding="UTF-8"?>
<!-- Generated by org.testng.reporters.JUnitReportReporter -->
<testsuite hostname="Sathaga" name="com.mk.tests.GetTests" tests="4" failures="0" timestamp="24 Apr 2022 11:28:13 GMT" time="1.342" errors="0">
  <testcase name="getSingleEmployeeDetail" time="0.725" classname="com.mk.tests.GetTests"/>
  <testcase name="getSingleEmployeeDetail" time="0.064" classname="com.mk.tests.GetTests"/>
  <testcase name="getSingleEmployeeDetail" time="0.062" classname="com.mk.tests.GetTests"/>
  <testcase name="getEmployeeDetails" time="0.491" classname="com.mk.tests.GetTests"/>
</testsuite> <!-- com.mk.tests.GetTests -->
