<?xml version="1.0" encoding="UTF-8"?>
<!-- Generated by org.testng.reporters.JUnitReportReporter -->
<testsuite hostname="Sathaga" name="com.mk.tests.GetTests" tests="4" failures="0" timestamp="20 Apr 2022 19:10:03 GMT" time="9.241" errors="0">
  <testcase name="getSingleEmployeeDetail" time="0.055" classname="com.mk.tests.GetTests"/>
  <testcase name="getSingleEmployeeDetail" time="0.064" classname="com.mk.tests.GetTests"/>
  <testcase name="getSingleEmployeeDetail" time="5.004" classname="com.mk.tests.GetTests"/>
  <testcase name="getEmployeeDetails" time="4.118" classname="com.mk.tests.GetTests"/>
</testsuite> <!-- com.mk.tests.GetTests -->
