<?xml version="1.0" encoding="UTF-8"?>
<!-- Generated by org.testng.reporters.JUnitReportReporter -->
<testsuite hostname="Sathaga" name="com.mk.tests.PostTest" tests="1" failures="0" timestamp="15 Apr 2022 16:04:38 GMT" time="3.219" errors="0">
  <testcase name="postNewEmployeeUsingExternalFile" time="3.219" classname="com.mk.tests.PostTest"/>
</testsuite> <!-- com.mk.tests.PostTest -->
