<?xml version="1.0" encoding="UTF-8"?>
<!-- Generated by org.testng.reporters.JUnitReportReporter -->
<testsuite hostname="Sathaga" name="com.mk.tests.AssignmentTest" tests="1" failures="0" timestamp="24 Apr 2022 11:28:13 GMT" time="0.428" errors="0">
  <testcase name="assignmentTestCall" time="0.428" classname="com.mk.tests.AssignmentTest"/>
</testsuite> <!-- com.mk.tests.AssignmentTest -->
