<?xml version="1.0" encoding="UTF-8"?>
<!-- Generated by org.testng.reporters.JUnitReportReporter -->
<testsuite hostname="Sathaga" name="com.mk.tests.PostTest" tests="2" failures="0" timestamp="16 Apr 2022 12:10:44 GMT" time="9.057" errors="0">
  <testcase name="postNewEmployeeUsingExternalFile" time="4.009" classname="com.mk.tests.PostTest"/>
  <testcase name="postNewEmployee" time="5.048" classname="com.mk.tests.PostTest"/>
</testsuite> <!-- com.mk.tests.PostTest -->
