<?xml version="1.0" encoding="UTF-8"?>
<!-- Generated by org.testng.reporters.JUnitReportReporter -->
<testsuite skipped="1" hostname="Sathaga" name="com.mk.tests.GetTests" tests="5" failures="0" timestamp="2022-04-24T16:59:55 IST" time="1.579" errors="0">
  <testcase name="getEmployeeDetails" time="0.718" classname="com.mk.tests.GetTests"/>
  <system-out/>
  <testcase name="getSingleEmployeeDetail" time="0.069" classname="com.mk.tests.GetTests"/>
  <system-out/>
  <testcase name="getSingleEmployeeDetail" time="0.059" classname="com.mk.tests.GetTests"/>
  <system-out/>
  <testcase name="getSingleEmployeeDetail" time="0.733" classname="com.mk.tests.GetTests"/>
  <system-out/>
  <testcase name="getEmployeeTest" classname="com.mk.tests.GetTests">
    <skipped/>
  </testcase> <!-- getEmployeeTest -->
  <system-out/>
</testsuite> <!-- com.mk.tests.GetTests -->
