<?xml version="1.0" encoding="UTF-8"?>
<!-- Generated by org.testng.reporters.JUnitReportReporter -->
<testsuite skipped="0" hostname="Sathaga" name="com.mk.tests.AssignmentTest" tests="1" failures="0" timestamp="2022-04-24T16:59:55 IST" time="0.345" errors="0">
  <testcase name="assignmentTestCall" time="0.345" classname="com.mk.tests.AssignmentTest"/>
  <system-out/>
</testsuite> <!-- com.mk.tests.AssignmentTest -->
