<?xml version="1.0" encoding="UTF-8"?>
<!-- Generated by org.testng.reporters.JUnitReportReporter -->
<testsuite skipped="1" hostname="Sathaga" name="com.mk.tests.GetTests" tests="5" failures="0" timestamp="2022-04-21T17:47:26 IST" time="10.210" errors="0">
  <testcase name="getEmployeeDetails" time="4.487" classname="com.mk.tests.GetTests"/>
  <system-out/>
  <testcase name="getSingleEmployeeDetail" time="0.061" classname="com.mk.tests.GetTests"/>
  <system-out/>
  <testcase name="getSingleEmployeeDetail" time="0.062" classname="com.mk.tests.GetTests"/>
  <system-out/>
  <testcase name="getSingleEmployeeDetail" time="5.600" classname="com.mk.tests.GetTests"/>
  <system-out/>
  <testcase name="getEmployeeTest" classname="com.mk.tests.GetTests">
    <skipped/>
  </testcase> <!-- getEmployeeTest -->
  <system-out/>
</testsuite> <!-- com.mk.tests.GetTests -->
