<?xml version="1.0" encoding="UTF-8"?>
<!-- Generated by org.testng.reporters.JUnitReportReporter -->
<testsuite skipped="2" hostname="Sathaga" name="com.mk.tests.PostTest" tests="3" failures="0" timestamp="2022-04-21T17:47:26 IST" time="5.511" errors="0">
  <testcase name="postNewEmployee" time="5.511" classname="com.mk.tests.PostTest"/>
  <system-out/>
  <testcase name="postNewEmployeeUsingExternalFileSingleton" classname="com.mk.tests.PostTest">
    <skipped/>
  </testcase> <!-- postNewEmployeeUsingExternalFileSingleton -->
  <system-out/>
  <testcase name="postNewEmployeeUsingExternalFile" classname="com.mk.tests.PostTest">
    <skipped/>
  </testcase> <!-- postNewEmployeeUsingExternalFile -->
  <system-out/>
</testsuite> <!-- com.mk.tests.PostTest -->
